<?xml version="1.0" encoding="UTF-8"?>
<!-- Generated by org.testng.reporters.JUnitXMLReporter -->
<testsuite ignored="0" hostname="DESKTOP-4E9IK45" failures="0" tests="4" name="Default test" time="172.522" errors="0" timestamp="2022-09-20T14:02:50 IST">
  <testcase classname="DataProvider.DataProviderRealEX" name="login" time="13.421"/>
  <testcase classname="DataProvider.DataProviderRealEX" name="login" time="17.231"/>
  <testcase classname="DataProvider.DataProviderRealEX" name="login" time="14.619"/>
  <testcase classname="DataProvider.DataProviderRealEX" name="login" time="15.803"/>
</testsuite> <!-- Default test -->
