<?xml version="1.0" encoding="UTF-8"?>
<!-- Generated by org.testng.reporters.JUnitXMLReporter -->
<testsuite ignored="0" hostname="DESKTOP-4E9IK45" failures="0" tests="8" name="Test123.xml" time="0.128" errors="0" timestamp="2022-09-16T14:14:43 IST">
  <testcase classname="TestNG.Test3" name="g" time="0.007"/>
  <testcase classname="TestNG.Test3" name="h" time="0.002"/>
  <testcase classname="TestNG.Test2" name="e" time="0.001"/>
  <testcase classname="TestNG.Test2" name="f" time="0.001"/>
  <testcase classname="TestNG.Test1" name="a" time="0.002"/>
  <testcase classname="TestNG.Test1" name="b" time="0.005"/>
  <testcase classname="TestNG.Test1" name="c" time="0.003"/>
  <testcase classname="TestNG.Test1" name="d" time="0.005"/>
</testsuite> <!-- Test123.xml -->
