<?xml version="1.0" encoding="UTF-8"?>
<!-- Generated by org.testng.reporters.JUnitXMLReporter -->
<testsuite ignored="0" hostname="DESKTOP-4E9IK45" failures="1" tests="1" name="Test" time="60.393" errors="0" timestamp="2022-09-20T09:27:02 IST">
  <testcase classname="FailedScrnShot.B2" name="chrome" time="48.476">
    <failure type="java.lang.AssertionError" message="expected [Jio - Best Prepaid, Postpaid Plans, Broadband Connection, Apps, &amp;amp; More] but found [Jio - Best Prepaid, Postpaid Plans, Broadband Connection, Apps, &amp;amp; More1]">
      <![CDATA[java.lang.AssertionError: expected [Jio - Best Prepaid, Postpaid Plans, Broadband Connection, Apps, & More] but found [Jio - Best Prepaid, Postpaid Plans, Broadband Connection, Apps, & More1]
at FailedScrnShot.B2.chrome(B2.java:20)
at java.base/java.util.ArrayList.forEach(ArrayList.java:1511)
... Removed 33 stack frames]]>
    </failure>
  </testcase> <!-- chrome -->
</testsuite> <!-- Test -->
