<?xml version="1.0" encoding="UTF-8"?>
<!-- Generated by org.testng.reporters.JUnitXMLReporter -->
<testsuite ignored="0" hostname="DESKTOP-4E9IK45" failures="0" tests="6" name="EdgebrowserTest" time="7.777" errors="0" timestamp="2022-09-29T09:47:31 IST">
  <testcase classname="com.test.test" name="@BeforeTest launchBrowser" time="7.575">
    <failure type="org.openqa.selenium.SessionNotCreatedException" message="Could not start a new session. Response code 500. Message: unknown error: cannot find msedge binary
Build info: version: &amp;apos;4.4.0&amp;apos;, revision: &amp;apos;e5c75ed026a&amp;apos;
System info: host: &amp;apos;DESKTOP-4E9IK45&amp;apos;, ip: &amp;apos;192.168.225.121&amp;apos;, os.name: &amp;apos;Windows 10&amp;apos;, os.arch: &amp;apos;amd64&amp;apos;, os.version: &amp;apos;10.0&amp;apos;, java.version: &amp;apos;18.0.2.1&amp;apos;
Driver info: org.openqa.selenium.edge.EdgeDriver
Command: [null, newSession {capabilities=[Capabilities {browserName: MicrosoftEdge, ms:edgeOptions: {args: [], extensions: []}}], desiredCapabilities=Capabilities {browserName: MicrosoftEdge, ms:edgeOptions: {args: [], extensions: []}}}]">
      <![CDATA[org.openqa.selenium.SessionNotCreatedException: Could not start a new session. Response code 500. Message: unknown error: cannot find msedge binary
Build info: version: '4.4.0', revision: 'e5c75ed026a'
System info: host: 'DESKTOP-4E9IK45', ip: '192.168.225.121', os.name: 'Windows 10', os.arch: 'amd64', os.version: '10.0', java.version: '18.0.2.1'
Driver info: org.openqa.selenium.edge.EdgeDriver
Command: [null, newSession {capabilities=[Capabilities {browserName: MicrosoftEdge, ms:edgeOptions: {args: [], extensions: []}}], desiredCapabilities=Capabilities {browserName: MicrosoftEdge, ms:edgeOptions: {args: [], extensions: []}}}]
at org.openqa.selenium.remote.ProtocolHandshake.createSession(ProtocolHandshake.java:144)
at org.openqa.selenium.remote.ProtocolHandshake.createSession(ProtocolHandshake.java:102)
at org.openqa.selenium.remote.ProtocolHandshake.createSession(ProtocolHandshake.java:67)
at org.openqa.selenium.remote.HttpCommandExecutor.execute(HttpCommandExecutor.java:156)
at org.openqa.selenium.remote.service.DriverCommandExecutor.invokeExecute(DriverCommandExecutor.java:167)
at org.openqa.selenium.remote.service.DriverCommandExecutor.execute(DriverCommandExecutor.java:142)
at org.openqa.selenium.remote.RemoteWebDriver.execute(RemoteWebDriver.java:547)
at org.openqa.selenium.remote.RemoteWebDriver.startSession(RemoteWebDriver.java:242)
at org.openqa.selenium.remote.RemoteWebDriver.<init>(RemoteWebDriver.java:157)
at org.openqa.selenium.chromium.ChromiumDriver.<init>(ChromiumDriver.java:101)
at org.openqa.selenium.edge.EdgeDriver.<init>(EdgeDriver.java:54)
at org.openqa.selenium.edge.EdgeDriver.<init>(EdgeDriver.java:46)
at org.openqa.selenium.edge.EdgeDriver.<init>(EdgeDriver.java:42)
at com.base.Base.OpenEdgeBrowser(Base.java:26)
at com.test.test.launchBrowser(test.java:40)
... Removed 22 stack frames]]>
    </failure>
  </testcase> <!-- @BeforeTest launchBrowser -->
  <testcase classname="com.test.test" name="@BeforeClass HitURL" time="-1.664425051064E9">
    <skipped/>
  </testcase> <!-- @BeforeClass HitURL -->
  <testcase classname="com.test.test" name="@BeforeMethod verifyLoginPage" time="-1.664425051075E9">
    <skipped/>
  </testcase> <!-- @BeforeMethod verifyLoginPage -->
  <testcase classname="com.test.test" name="@AfterMethod Logout" time="-1.664425051086E9">
    <skipped/>
  </testcase> <!-- @AfterMethod Logout -->
  <testcase classname="com.test.test" name="@BeforeMethod verifyLoginPage" time="-1.664425051091E9">
    <skipped/>
  </testcase> <!-- @BeforeMethod verifyLoginPage -->
  <testcase classname="com.test.test" name="@AfterMethod Logout" time="-1.6644250511E9">
    <skipped/>
  </testcase> <!-- @AfterMethod Logout -->
  <testcase classname="com.test.test" name="@BeforeMethod verifyLoginPage" time="-1.664425051103E9">
    <skipped/>
  </testcase> <!-- @BeforeMethod verifyLoginPage -->
  <testcase classname="com.test.test" name="@AfterMethod Logout" time="-1.664425051114E9">
    <skipped/>
  </testcase> <!-- @AfterMethod Logout -->
  <testcase classname="com.test.test" name="@BeforeMethod verifyLoginPage" time="-1.664425051117E9">
    <skipped/>
  </testcase> <!-- @BeforeMethod verifyLoginPage -->
  <testcase classname="com.test.test" name="@AfterMethod Logout" time="-1.664425051126E9">
    <skipped/>
  </testcase> <!-- @AfterMethod Logout -->
  <testcase classname="com.test.test" name="@BeforeMethod verifyLoginPage" time="-1.664425051131E9">
    <skipped/>
  </testcase> <!-- @BeforeMethod verifyLoginPage -->
  <testcase classname="com.test.test" name="@AfterMethod Logout" time="-1.66442505114E9">
    <skipped/>
  </testcase> <!-- @AfterMethod Logout -->
  <testcase classname="com.test.test" name="@BeforeMethod verifyLoginPage" time="-1.664425051142E9">
    <skipped/>
  </testcase> <!-- @BeforeMethod verifyLoginPage -->
  <testcase classname="com.test.test" name="@AfterMethod Logout" time="-1.664425051147E9">
    <skipped/>
  </testcase> <!-- @AfterMethod Logout -->
  <testcase classname="com.test.test" name="@AfterClass CloseBrowser" time="-1.664425051152E9">
    <skipped/>
  </testcase> <!-- @AfterClass CloseBrowser -->
  <testcase classname="com.test.test" name="verifyBackpack" time="0.0">
    <skipped/>
  </testcase> <!-- verifyBackpack -->
  <testcase classname="com.test.test" name="verifyBikelight" time="0.0">
    <skipped/>
  </testcase> <!-- verifyBikelight -->
  <testcase classname="com.test.test" name="verifyTshirt" time="0.0">
    <skipped/>
  </testcase> <!-- verifyTshirt -->
  <testcase classname="com.test.test" name="verifyJacket" time="0.0">
    <skipped/>
  </testcase> <!-- verifyJacket -->
  <testcase classname="com.test.test" name="verifyOnesie" time="0.0">
    <skipped/>
  </testcase> <!-- verifyOnesie -->
  <testcase classname="com.test.test" name="verifyRedTshirt" time="0.0">
    <skipped/>
  </testcase> <!-- verifyRedTshirt -->
</testsuite> <!-- EdgebrowserTest -->
