<?xml version="1.0" encoding="UTF-8"?>
<!-- Generated by org.testng.reporters.JUnitXMLReporter -->
<testsuite ignored="0" hostname="DESKTOP-4E9IK45" failures="0" tests="6" name="Default test" time="95.576" errors="0" timestamp="2022-09-28T09:29:04 IST">
  <testcase classname="com.test.test" name="verifyBikelight" time="2.091"/>
  <testcase classname="com.test.test" name="verifyJacket" time="2.762"/>
  <testcase classname="com.test.test" name="verifyOnesie" time="2.113"/>
  <testcase classname="com.test.test" name="verifyRedTshirt" time="2.089"/>
  <testcase classname="com.test.test" name="verifyTshirt" time="2.079"/>
  <testcase classname="com.test.test" name="verifybackpack" time="2.09"/>
</testsuite> <!-- Default test -->
